p/IMG_20230110_171604_BURST48.jpg 1 0 0 3472 4624
p/IMG_20230110_171604_BURST49.jpg 1 0 0 3472 4624
p/IMG_20230110_171604_BURST50.jpg 1 0 0 3472 4624
p/IMG_20230110_171604_BURST38.jpg 1 0 0 3472 4624
p/IMG_20230110_171604_BURST39.jpg 1 0 0 3472 4624
p/IMG_20230110_171604_BURST40.jpg 1 0 0 3472 4624
p/IMG_20230110_171604_BURST41.jpg 1 0 0 3472 4624
p/IMG_20230110_171604_BURST42.jpg 1 0 0 3472 4624
p/IMG_20230110_171604_BURST43.jpg 1 0 0 3472 4624
p/IMG_20230110_171604_BURST44.jpg 1 0 0 3472 4624
p/IMG_20230110_171604_BURST45.jpg 1 0 0 3472 4624
p/IMG_20230110_171604_BURST46.jpg 1 0 0 3472 4624
p/IMG_20230110_171604_BURST47.jpg 1 0 0 3472 4624
p/IMG_20230110_171604_BURST29.jpg 1 0 0 3472 4624
p/IMG_20230110_171604_BURST30.jpg 1 0 0 3472 4624
p/IMG_20230110_171604_BURST31.jpg 1 0 0 3472 4624
p/IMG_20230110_171604_BURST32.jpg 1 0 0 3472 4624
p/IMG_20230110_171604_BURST33.jpg 1 0 0 3472 4624
p/IMG_20230110_171604_BURST34.jpg 1 0 0 3472 4624
p/IMG_20230110_171604_BURST35.jpg 1 0 0 3472 4624
p/IMG_20230110_171604_BURST36.jpg 1 0 0 3472 4624
p/IMG_20230110_171604_BURST37.jpg 1 0 0 3472 4624
p/IMG_20230110_171604_BURST21.jpg 1 0 0 3472 4624
p/IMG_20230110_171604_BURST22.jpg 1 0 0 3472 4624
p/IMG_20230110_171604_BURST23.jpg 1 0 0 3472 4624
p/IMG_20230110_171604_BURST24.jpg 1 0 0 3472 4624
p/IMG_20230110_171604_BURST25.jpg 1 0 0 3472 4624
p/IMG_20230110_171604_BURST26.jpg 1 0 0 3472 4624
p/IMG_20230110_171604_BURST27.jpg 1 0 0 3472 4624
p/IMG_20230110_171604_BURST28.jpg 1 0 0 3472 4624
p/IMG_20230110_171604_BURST14.jpg 1 0 0 3472 4624
p/IMG_20230110_171604_BURST15.jpg 1 0 0 3472 4624
p/IMG_20230110_171604_BURST16.jpg 1 0 0 3472 4624
p/IMG_20230110_171604_BURST17.jpg 1 0 0 3472 4624
p/IMG_20230110_171604_BURST18.jpg 1 0 0 3472 4624
p/IMG_20230110_171604_BURST19.jpg 1 0 0 3472 4624
p/IMG_20230110_171604_BURST20.jpg 1 0 0 3472 4624
p/IMG_20230110_171604_BURST10.jpg 1 0 0 3472 4624
p/IMG_20230110_171604_BURST11.jpg 1 0 0 3472 4624
p/IMG_20230110_171604_BURST12.jpg 1 0 0 3472 4624
p/IMG_20230110_171604_BURST13.jpg 1 0 0 3472 4624
p/IMG_20230110_171604_BURST8.jpg 1 0 0 3472 4624
p/IMG_20230110_171604_BURST9.jpg 1 0 0 3472 4624
p/IMG_20230110_171604_BURST1.jpg 1 0 0 3472 4624
p/IMG_20230110_171604_BURST2.jpg 1 0 0 3472 4624
p/IMG_20230110_171604_BURST3.jpg 1 0 0 3472 4624
p/IMG_20230110_171604_BURST4.jpg 1 0 0 3472 4624
p/IMG_20230110_171604_BURST5.jpg 1 0 0 3472 4624
p/IMG_20230110_171604_BURST6.jpg 1 0 0 3472 4624
p/IMG_20230110_171604_BURST7.jpg 1 0 0 3472 4624
p/IMG_20230110_171556_BURST42.jpg 1 0 0 3472 4624
p/IMG_20230110_171556_BURST43.jpg 1 0 0 3472 4624
p/IMG_20230110_171556_BURST33.jpg 1 0 0 3472 4624
p/IMG_20230110_171556_BURST34.jpg 1 0 0 3472 4624
p/IMG_20230110_171556_BURST35.jpg 1 0 0 3472 4624
p/IMG_20230110_171556_BURST36.jpg 1 0 0 3472 4624
p/IMG_20230110_171556_BURST37.jpg 1 0 0 3472 4624
p/IMG_20230110_171556_BURST38.jpg 1 0 0 3472 4624
p/IMG_20230110_171556_BURST39.jpg 1 0 0 3472 4624
p/IMG_20230110_171556_BURST40.jpg 1 0 0 3472 4624
p/IMG_20230110_171556_BURST41.jpg 1 0 0 3472 4624
p/IMG_20230110_171556_BURST24.jpg 1 0 0 3472 4624
p/IMG_20230110_171556_BURST25.jpg 1 0 0 3472 4624
p/IMG_20230110_171556_BURST26.jpg 1 0 0 3472 4624
p/IMG_20230110_171556_BURST27.jpg 1 0 0 3472 4624
p/IMG_20230110_171556_BURST28.jpg 1 0 0 3472 4624
p/IMG_20230110_171556_BURST29.jpg 1 0 0 3472 4624
p/IMG_20230110_171556_BURST30.jpg 1 0 0 3472 4624
p/IMG_20230110_171556_BURST31.jpg 1 0 0 3472 4624
p/IMG_20230110_171556_BURST32.jpg 1 0 0 3472 4624
p/IMG_20230110_171556_BURST15.jpg 1 0 0 3472 4624
p/IMG_20230110_171556_BURST16.jpg 1 0 0 3472 4624
p/IMG_20230110_171556_BURST17.jpg 1 0 0 3472 4624
p/IMG_20230110_171556_BURST18.jpg 1 0 0 3472 4624
p/IMG_20230110_171556_BURST19.jpg 1 0 0 3472 4624
p/IMG_20230110_171556_BURST20.jpg 1 0 0 3472 4624
p/IMG_20230110_171556_BURST21.jpg 1 0 0 3472 4624
p/IMG_20230110_171556_BURST22.jpg 1 0 0 3472 4624
p/IMG_20230110_171556_BURST23.jpg 1 0 0 3472 4624
p/IMG_20230110_171556_BURST10.jpg 1 0 0 3472 4624
p/IMG_20230110_171556_BURST11.jpg 1 0 0 3472 4624
p/IMG_20230110_171556_BURST12.jpg 1 0 0 3472 4624
p/IMG_20230110_171556_BURST13.jpg 1 0 0 3472 4624
p/IMG_20230110_171556_BURST14.jpg 1 0 0 3472 4624
p/IMG_20230110_171556_BURST9.jpg 1 0 0 3472 4624
p/IMG_20230110_171556_BURST3.jpg 1 0 0 3472 4624
p/IMG_20230110_171556_BURST4.jpg 1 0 0 3472 4624
p/IMG_20230110_171556_BURST5.jpg 1 0 0 3472 4624
p/IMG_20230110_171556_BURST6.jpg 1 0 0 3472 4624
p/IMG_20230110_171556_BURST7.jpg 1 0 0 3472 4624
p/IMG_20230110_171556_BURST8.jpg 1 0 0 3472 4624
p/IMG_20230110_171549_BURST45.jpg 1 0 0 3472 4624
p/IMG_20230110_171549_BURST46.jpg 1 0 0 3472 4624
p/IMG_20230110_171549_BURST47.jpg 1 0 0 3472 4624
p/IMG_20230110_171549_BURST48.jpg 1 0 0 3472 4624
p/IMG_20230110_171556_BURST1.jpg 1 0 0 3472 4624
p/IMG_20230110_171556_BURST2.jpg 1 0 0 3472 4624
p/IMG_20230110_171549_BURST36.jpg 1 0 0 3472 4624
p/IMG_20230110_171549_BURST37.jpg 1 0 0 3472 4624
p/IMG_20230110_171549_BURST38.jpg 1 0 0 3472 4624
p/IMG_20230110_171549_BURST39.jpg 1 0 0 3472 4624
p/IMG_20230110_171549_BURST40.jpg 1 0 0 3472 4624
p/IMG_20230110_171549_BURST41.jpg 1 0 0 3472 4624
p/IMG_20230110_171549_BURST42.jpg 1 0 0 3472 4624
p/IMG_20230110_171549_BURST43.jpg 1 0 0 3472 4624
p/IMG_20230110_171549_BURST44.jpg 1 0 0 3472 4624
p/IMG_20230110_171549_BURST28.jpg 1 0 0 3472 4624
p/IMG_20230110_171549_BURST29.jpg 1 0 0 3472 4624
p/IMG_20230110_171549_BURST30.jpg 1 0 0 3472 4624
p/IMG_20230110_171549_BURST31.jpg 1 0 0 3472 4624
p/IMG_20230110_171549_BURST32.jpg 1 0 0 3472 4624
p/IMG_20230110_171549_BURST33.jpg 1 0 0 3472 4624
p/IMG_20230110_171549_BURST34.jpg 1 0 0 3472 4624
p/IMG_20230110_171549_BURST35.jpg 1 0 0 3472 4624
p/IMG_20230110_171549_BURST19.jpg 1 0 0 3472 4624
p/IMG_20230110_171549_BURST20.jpg 1 0 0 3472 4624
p/IMG_20230110_171549_BURST21.jpg 1 0 0 3472 4624
p/IMG_20230110_171549_BURST22.jpg 1 0 0 3472 4624
p/IMG_20230110_171549_BURST23.jpg 1 0 0 3472 4624
p/IMG_20230110_171549_BURST24.jpg 1 0 0 3472 4624
p/IMG_20230110_171549_BURST25.jpg 1 0 0 3472 4624
p/IMG_20230110_171549_BURST26.jpg 1 0 0 3472 4624
p/IMG_20230110_171549_BURST27.jpg 1 0 0 3472 4624
p/IMG_20230110_171549_BURST11.jpg 1 0 0 3472 4624
p/IMG_20230110_171549_BURST12.jpg 1 0 0 3472 4624
p/IMG_20230110_171549_BURST13.jpg 1 0 0 3472 4624
p/IMG_20230110_171549_BURST14.jpg 1 0 0 3472 4624
p/IMG_20230110_171549_BURST15.jpg 1 0 0 3472 4624
p/IMG_20230110_171549_BURST16.jpg 1 0 0 3472 4624
p/IMG_20230110_171549_BURST17.jpg 1 0 0 3472 4624
p/IMG_20230110_171549_BURST18.jpg 1 0 0 3472 4624
p/IMG_20230110_171549_BURST10.jpg 1 0 0 3472 4624
p/IMG_20230110_171549_BURST5.jpg 1 0 0 3472 4624
p/IMG_20230110_171549_BURST6.jpg 1 0 0 3472 4624
p/IMG_20230110_171549_BURST7.jpg 1 0 0 3472 4624
p/IMG_20230110_171549_BURST8.jpg 1 0 0 3472 4624
p/IMG_20230110_171549_BURST9.jpg 1 0 0 3472 4624
p/IMG_20230110_171543_BURST42.jpg 1 0 0 3472 4624
p/IMG_20230110_171543_BURST43.jpg 1 0 0 3472 4624
p/IMG_20230110_171549_BURST1.jpg 1 0 0 3472 4624
p/IMG_20230110_171549_BURST2.jpg 1 0 0 3472 4624
p/IMG_20230110_171549_BURST3.jpg 1 0 0 3472 4624
p/IMG_20230110_171549_BURST4.jpg 1 0 0 3472 4624
p/IMG_20230110_171543_BURST34.jpg 1 0 0 3472 4624
p/IMG_20230110_171543_BURST35.jpg 1 0 0 3472 4624
p/IMG_20230110_171543_BURST36.jpg 1 0 0 3472 4624
p/IMG_20230110_171543_BURST37.jpg 1 0 0 3472 4624
p/IMG_20230110_171543_BURST38.jpg 1 0 0 3472 4624
p/IMG_20230110_171543_BURST39.jpg 1 0 0 3472 4624
p/IMG_20230110_171543_BURST40.jpg 1 0 0 3472 4624
p/IMG_20230110_171543_BURST41.jpg 1 0 0 3472 4624
p/IMG_20230110_171543_BURST25.jpg 1 0 0 3472 4624
p/IMG_20230110_171543_BURST26.jpg 1 0 0 3472 4624
p/IMG_20230110_171543_BURST27.jpg 1 0 0 3472 4624
p/IMG_20230110_171543_BURST28.jpg 1 0 0 3472 4624
p/IMG_20230110_171543_BURST29.jpg 1 0 0 3472 4624
p/IMG_20230110_171543_BURST30.jpg 1 0 0 3472 4624
p/IMG_20230110_171543_BURST31.jpg 1 0 0 3472 4624
p/IMG_20230110_171543_BURST32.jpg 1 0 0 3472 4624
p/IMG_20230110_171543_BURST33.jpg 1 0 0 3472 4624
p/IMG_20230110_171543_BURST18.jpg 1 0 0 3472 4624
p/IMG_20230110_171543_BURST19.jpg 1 0 0 3472 4624
p/IMG_20230110_171543_BURST20.jpg 1 0 0 3472 4624
p/IMG_20230110_171543_BURST21.jpg 1 0 0 3472 4624
p/IMG_20230110_171543_BURST22.jpg 1 0 0 3472 4624
p/IMG_20230110_171543_BURST23.jpg 1 0 0 3472 4624
p/IMG_20230110_171543_BURST24.jpg 1 0 0 3472 4624
p/IMG_20230110_171543_BURST11.jpg 1 0 0 3472 4624
p/IMG_20230110_171543_BURST12.jpg 1 0 0 3472 4624
p/IMG_20230110_171543_BURST13.jpg 1 0 0 3472 4624
p/IMG_20230110_171543_BURST14.jpg 1 0 0 3472 4624
p/IMG_20230110_171543_BURST15.jpg 1 0 0 3472 4624
p/IMG_20230110_171543_BURST16.jpg 1 0 0 3472 4624
p/IMG_20230110_171543_BURST17.jpg 1 0 0 3472 4624
p/IMG_20230110_171543_BURST10.jpg 1 0 0 3472 4624
p/IMG_20230110_171543_BURST5.jpg 1 0 0 3472 4624
p/IMG_20230110_171543_BURST6.jpg 1 0 0 3472 4624
p/IMG_20230110_171543_BURST7.jpg 1 0 0 3472 4624
p/IMG_20230110_171543_BURST8.jpg 1 0 0 3472 4624
p/IMG_20230110_171543_BURST9.jpg 1 0 0 3472 4624
p/IMG_20230110_171543_BURST1.jpg 1 0 0 3472 4624
p/IMG_20230110_171543_BURST2.jpg 1 0 0 3472 4624
p/IMG_20230110_171543_BURST3.jpg 1 0 0 3472 4624
p/IMG_20230110_171543_BURST4.jpg 1 0 0 3472 4624
p/IMG_20230110_171537.jpg 1 0 0 3472 4624
p/IMG_20230110_171535.jpg 1 0 0 3472 4624
p/IMG_20230110_171532.jpg 1 0 0 3472 4624
p/IMG_20230110_171529.jpg 1 0 0 3472 4624
p/IMG_20230110_171527.jpg 1 0 0 3472 4624
p/IMG_20230110_171524_1.jpg 1 0 0 3472 4624
p/IMG_20230110_171522.jpg 1 0 0 3472 4624
p/IMG_20230110_171519_1.jpg 1 0 0 3472 4624
p/IMG_20230110_171517.jpg 1 0 0 3472 4624
p/IMG_20230110_171512_1.jpg 1 0 0 3472 4624
p/IMG_20230110_171510.jpg 1 0 0 3472 4624
p/IMG_20230110_171507_1.jpg 1 0 0 3472 4624
p/IMG_20230110_171505.jpg 1 0 0 3472 4624
p/IMG_20230110_171501_1.jpg 1 0 0 3472 4624
p/IMG_20230110_171458.jpg 1 0 0 3472 4624
p/IMG_20230110_171455.jpg 1 0 0 3472 4624
p/IMG_20230110_171453.jpg 1 0 0 3472 4624
p/IMG_20230110_171447.jpg 1 0 0 3472 4624
p/IMG_20230110_171443.jpg 1 0 0 3472 4624
p/IMG_20230110_171439_1.jpg 1 0 0 3472 4624
p/IMG_20230110_171436.jpg 1 0 0 3472 4624